# JRE version: Java(TM) SE Runtime Environment (12.0+33) (build 12+33)
# Java VM: Java HotSpot(TM) 64-Bit Server VM (12+33, mixed mode, sharing, tiered, compressed oops, g1 gc, windows-amd64)
Heap:
 garbage-first heap   total 342016K, used 165611K [0x0000000600000000, 0x0000000800000000)
  region size 2048K, 5 young (10240K), 5 survivors (10240K)
 Metaspace       used 149782K, capacity 154047K, committed 154240K, reserved 1183744K
  class space    used 18968K, capacity 20536K, committed 20608K, reserved 1048576K
GC Heap History (10 events):
Event: 79.856 GC heap after
{Heap after GC invocations=72 (full 0):
 garbage-first heap   total 235520K, used 142285K [0x0000000600000000, 0x0000000800000000)
  region size 2048K, 2 young (4096K), 2 survivors (4096K)
 Metaspace       used 140503K, capacity 143944K, committed 144128K, reserved 1175552K
  class space    used 17644K, capacity 18932K, committed 18944K, reserved 1048576K
}
Event: 81.324 GC heap before
{Heap before GC invocations=73 (full 0):
 garbage-first heap   total 243712K, used 191437K [0x0000000600000000, 0x0000000800000000)
  region size 2048K, 26 young (53248K), 2 survivors (4096K)
 Metaspace       used 143217K, capacity 146803K, committed 147072K, reserved 1177600K
  class space    used 18084K, capacity 19469K, committed 19584K, reserved 1048576K
}
Event: 81.333 GC heap after
{Heap after GC invocations=74 (full 0):
 garbage-first heap   total 243712K, used 138167K [0x0000000600000000, 0x0000000800000000)
  region size 2048K, 3 young (6144K), 3 survivors (6144K)
 Metaspace       used 143217K, capacity 146803K, committed 147072K, reserved 1177600K
  class space    used 18084K, capacity 19469K, committed 19584K, reserved 1048576K
}
Event: 83.085 GC heap before
{Heap before GC invocations=74 (full 0):
 garbage-first heap   total 243712K, used 191415K [0x0000000600000000, 0x0000000800000000)
  region size 2048K, 30 young (61440K), 3 survivors (6144K)
 Metaspace       used 145991K, capacity 149751K, committed 150016K, reserved 1179648K
  class space    used 18477K, capacity 19942K, committed 19968K, reserved 1048576K
}
Event: 83.101 GC heap after
{Heap after GC invocations=75 (full 0):
 garbage-first heap   total 243712K, used 143181K [0x0000000600000000, 0x0000000800000000)
  region size 2048K, 4 young (8192K), 4 survivors (8192K)
 Metaspace       used 145991K, capacity 149751K, committed 150016K, reserved 1179648K
  class space    used 18477K, capacity 19942K, committed 19968K, reserved 1048576K
}
Event: 88.775 GC heap before
{Heap before GC invocations=76 (full 0):
 garbage-first heap   total 260096K, used 194381K [0x0000000600000000, 0x0000000800000000)
  region size 2048K, 29 young (59392K), 4 survivors (8192K)
 Metaspace       used 149058K, capacity 153142K, committed 153344K, reserved 1181696K
  class space    used 18923K, capacity 20465K, committed 20480K, reserved 1048576K
}
Event: 88.787 GC heap after
{Heap after GC invocations=77 (full 0):
 garbage-first heap   total 260096K, used 143826K [0x0000000600000000, 0x0000000800000000)
  region size 2048K, 2 young (4096K), 2 survivors (4096K)
 Metaspace       used 149058K, capacity 153142K, committed 153344K, reserved 1181696K
  class space    used 18923K, capacity 20465K, committed 20480K, reserved 1048576K
}
Event: 92.257 GC heap before
{Heap before GC invocations=77 (full 0):
 garbage-first heap   total 260096K, used 205266K [0x0000000600000000, 0x0000000800000000)
  region size 2048K, 32 young (65536K), 2 survivors (4096K)
 Metaspace       used 149696K, capacity 153969K, committed 154240K, reserved 1183744K
  class space    used 18965K, capacity 20534K, committed 20608K, reserved 1048576K
}
Event: 92.281 GC heap after
{Heap after GC invocations=78 (full 0):
 garbage-first heap   total 260096K, used 147538K [0x0000000600000000, 0x0000000800000000)
  region size 2048K, 4 young (8192K), 4 survivors (8192K)
 Metaspace       used 149696K, capacity 153969K, committed 154240K, reserved 1183744K
  class space    used 18965K, capacity 20534K, committed 20608K, reserved 1048576K
}
Event: 93.256 GC heap before
{Heap before GC invocations=79 (full 0):
 garbage-first heap   total 284672K, used 211026K [0x0000000600000000, 0x0000000800000000)
  region size 2048K, 33 young (67584K), 4 survivors (8192K)
 Metaspace       used 149782K, capacity 154047K, committed 154240K, reserved 1183744K
  class space    used 18968K, capacity 20536K, committed 20608K, reserved 1048576K
}

